This file contains any messages produced by compilers while
running configure, to aid debugging if configure makes a mistake.

It was created by configure, which was
generated by GNU Autoconf 2.69.  Invocation command line was

  $ ./configure --no-create --no-recursion

## --------- ##
## Platform. ##
## --------- ##

hostname = ubuntu
uname -m = x86_64
uname -r = 3.8.0-30-generic
uname -s = Linux
uname -v = #44-Ubuntu SMP Thu Aug 22 20:52:24 UTC 2013

/usr/bin/uname -p = unknown
/bin/uname -X     = unknown

/bin/arch              = unknown
/usr/bin/arch -k       = unknown
/usr/convex/getsysinfo = unknown
/usr/bin/hostinfo      = unknown
/bin/machine           = unknown
/usr/bin/oslevel       = unknown
/bin/universe          = unknown

PATH: /usr/lib/lightdm/lightdm
PATH: /usr/local/sbin
PATH: /usr/local/bin
PATH: /usr/sbin
PATH: /usr/bin
PATH: /sbin
PATH: /bin
PATH: /usr/games
PATH: /usr/local/games


## ----------- ##
## Core tests. ##
## ----------- ##

configure:2279: checking build system type
configure:2293: result: x86_64-unknown-linux-gnu
configure:2313: checking host system type
configure:2326: result: x86_64-unknown-linux-gnu
configure:2346: checking target system type
configure:2359: result: x86_64-unknown-linux-gnu
configure:2435: checking for gcc
configure:2451: found /usr/bin/gcc
configure:2462: result: gcc
configure:2691: checking for C compiler version
configure:2700: gcc --version >&5
gcc (Ubuntu/Linaro 4.7.3-1ubuntu1) 4.7.3
Copyright (C) 2012 Free Software Foundation, Inc.
This is free software; see the source for copying conditions.  There is NO
warranty; not even for MERCHANTABILITY or FITNESS FOR A PARTICULAR PURPOSE.

configure:2711: $? = 0
configure:2700: gcc -v >&5
Using built-in specs.
COLLECT_GCC=gcc
COLLECT_LTO_WRAPPER=/usr/lib/gcc/x86_64-linux-gnu/4.7/lto-wrapper
Target: x86_64-linux-gnu
Configured with: ../src/configure -v --with-pkgversion='Ubuntu/Linaro 4.7.3-1ubuntu1' --with-bugurl=file:///usr/share/doc/gcc-4.7/README.Bugs --enable-languages=c,c++,go,fortran,objc,obj-c++ --prefix=/usr --program-suffix=-4.7 --enable-shared --enable-linker-build-id --libexecdir=/usr/lib --without-included-gettext --enable-threads=posix --with-gxx-include-dir=/usr/include/c++/4.7 --libdir=/usr/lib --enable-nls --with-sysroot=/ --enable-clocale=gnu --enable-libstdcxx-debug --enable-libstdcxx-time=yes --enable-gnu-unique-object --enable-plugin --with-system-zlib --enable-objc-gc --with-cloog --enable-cloog-backend=ppl --disable-cloog-version-check --disable-ppl-version-check --enable-multiarch --disable-werror --with-arch-32=i686 --with-abi=m64 --with-multilib-list=m32,m64,mx32 --with-tune=generic --enable-checking=release --build=x86_64-linux-gnu --host=x86_64-linux-gnu --target=x86_64-linux-gnu
Thread model: posix
gcc version 4.7.3 (Ubuntu/Linaro 4.7.3-1ubuntu1) 
configure:2711: $? = 0
configure:2700: gcc -V >&5
gcc: error: unrecognized command line option '-V'
gcc: fatal error: no input files
compilation terminated.
configure:2711: $? = 4
configure:2700: gcc -qversion >&5
gcc: error: unrecognized command line option '-qversion'
gcc: fatal error: no input files
compilation terminated.
configure:2711: $? = 4
configure:2731: checking whether the C compiler works
configure:2753: gcc    conftest.c  >&5
configure:2757: $? = 0
configure:2805: result: yes
configure:2808: checking for C compiler default output file name
configure:2810: result: a.out
configure:2816: checking for suffix of executables
configure:2823: gcc -o conftest    conftest.c  >&5
configure:2827: $? = 0
configure:2849: result: 
configure:2871: checking whether we are cross compiling
configure:2879: gcc -o conftest    conftest.c  >&5
configure:2883: $? = 0
configure:2890: ./conftest
configure:2894: $? = 0
configure:2909: result: no
configure:2914: checking for suffix of object files
configure:2936: gcc -c   conftest.c >&5
configure:2940: $? = 0
configure:2961: result: o
configure:2965: checking whether we are using the GNU C compiler
configure:2984: gcc -c   conftest.c >&5
configure:2984: $? = 0
configure:2993: result: yes
configure:3002: checking whether gcc accepts -g
configure:3022: gcc -c -g  conftest.c >&5
configure:3022: $? = 0
configure:3063: result: yes
configure:3080: checking for gcc option to accept ISO C89
configure:3143: gcc  -c -g -O2  conftest.c >&5
configure:3143: $? = 0
configure:3156: result: none needed
configure:3177: checking for IMG_LoadPNG_RW in -lSDL_image
configure:3202: gcc -o conftest -g -O2   conftest.c -lSDL_image   >&5
configure:3202: $? = 0
configure:3211: result: yes
configure:3259: checking for a BSD-compatible install
configure:3327: result: /usr/bin/install -c
configure:3338: checking whether build environment is sane
configure:3388: result: yes
configure:3529: checking for a thread-safe mkdir -p
configure:3568: result: /bin/mkdir -p
configure:3581: checking for gawk
configure:3611: result: no
configure:3581: checking for mawk
configure:3597: found /usr/bin/mawk
configure:3608: result: mawk
configure:3619: checking whether make sets $(MAKE)
configure:3641: result: yes
configure:3671: checking for style of include used by make
configure:3699: result: GNU
configure:3785: checking dependency style of gcc
configure:3896: result: gcc3
configure:3959: checking how to print strings
configure:3986: result: printf
configure:4007: checking for a sed that does not truncate output
configure:4071: result: /bin/sed
configure:4089: checking for grep that handles long lines and -e
configure:4147: result: /bin/grep
configure:4152: checking for egrep
configure:4214: result: /bin/grep -E
configure:4219: checking for fgrep
configure:4281: result: /bin/grep -F
configure:4316: checking for ld used by gcc
configure:4383: result: /usr/bin/ld
configure:4390: checking if the linker (/usr/bin/ld) is GNU ld
configure:4405: result: yes
configure:4417: checking for BSD- or MS-compatible name lister (nm)
configure:4466: result: /usr/bin/nm -B
configure:4596: checking the name lister (/usr/bin/nm -B) interface
configure:4603: gcc -c -g -O2  conftest.c >&5
configure:4606: /usr/bin/nm -B "conftest.o"
configure:4609: output
0000000000000000 B some_variable
configure:4616: result: BSD nm
configure:4619: checking whether ln -s works
configure:4623: result: yes
configure:4631: checking the maximum length of command line arguments
configure:4761: result: 3458764513820540925
configure:4778: checking whether the shell understands some XSI constructs
configure:4788: result: yes
configure:4792: checking whether the shell understands "+="
configure:4798: result: yes
configure:4833: checking how to convert x86_64-unknown-linux-gnu file names to x86_64-unknown-linux-gnu format
configure:4873: result: func_convert_file_noop
configure:4880: checking how to convert x86_64-unknown-linux-gnu file names to toolchain format
configure:4900: result: func_convert_file_noop
configure:4907: checking for /usr/bin/ld option to reload object files
configure:4914: result: -r
configure:4988: checking for objdump
configure:5004: found /usr/bin/objdump
configure:5015: result: objdump
configure:5047: checking how to recognize dependent libraries
configure:5249: result: pass_all
configure:5334: checking for dlltool
configure:5364: result: no
configure:5394: checking how to associate runtime and link libraries
configure:5421: result: printf %s\n
configure:5481: checking for ar
configure:5497: found /usr/bin/ar
configure:5508: result: ar
configure:5545: checking for archiver @FILE support
configure:5562: gcc -c -g -O2  conftest.c >&5
configure:5562: $? = 0
configure:5565: ar cru libconftest.a @conftest.lst >&5
configure:5568: $? = 0
configure:5573: ar cru libconftest.a @conftest.lst >&5
ar: conftest.o: No such file or directory
configure:5576: $? = 1
configure:5588: result: @
configure:5646: checking for strip
configure:5662: found /usr/bin/strip
configure:5673: result: strip
configure:5745: checking for ranlib
configure:5761: found /usr/bin/ranlib
configure:5772: result: ranlib
configure:5874: checking command to parse /usr/bin/nm -B output from gcc object
configure:5994: gcc -c -g -O2  conftest.c >&5
configure:5997: $? = 0
configure:6001: /usr/bin/nm -B conftest.o \| sed -n -e 's/^.*[ ]\([ABCDGIRSTW][ABCDGIRSTW]*\)[ ][ ]*\([_A-Za-z][_A-Za-z0-9]*\)$/\1 \2 \2/p' | sed '/ __gnu_lto/d' \> conftest.nm
configure:6004: $? = 0
configure:6070: gcc -o conftest -g -O2   conftest.c conftstm.o >&5
configure:6073: $? = 0
configure:6111: result: ok
configure:6148: checking for sysroot
configure:6178: result: no
configure:6255: gcc -c -g -O2  conftest.c >&5
configure:6258: $? = 0
configure:6434: checking for mt
configure:6450: found /bin/mt
configure:6461: result: mt
configure:6484: checking if mt is a manifest tool
configure:6490: mt '-?'
configure:6498: result: no
configure:7140: checking how to run the C preprocessor
configure:7171: gcc -E  conftest.c
configure:7171: $? = 0
configure:7185: gcc -E  conftest.c
conftest.c:12:28: fatal error: ac_nonexistent.h: No such file or directory
compilation terminated.
configure:7185: $? = 1
configure: failed program was:
| /* confdefs.h */
| #define PACKAGE_NAME ""
| #define PACKAGE_TARNAME ""
| #define PACKAGE_VERSION ""
| #define PACKAGE_STRING ""
| #define PACKAGE_BUGREPORT ""
| #define PACKAGE_URL ""
| #define HAVE_LIBSDL_IMAGE 1
| #define PACKAGE "Ankhnowledge"
| #define VERSION "0.0.1"
| /* end confdefs.h.  */
| #include <ac_nonexistent.h>
configure:7210: result: gcc -E
configure:7230: gcc -E  conftest.c
configure:7230: $? = 0
configure:7244: gcc -E  conftest.c
conftest.c:12:28: fatal error: ac_nonexistent.h: No such file or directory
compilation terminated.
configure:7244: $? = 1
configure: failed program was:
| /* confdefs.h */
| #define PACKAGE_NAME ""
| #define PACKAGE_TARNAME ""
| #define PACKAGE_VERSION ""
| #define PACKAGE_STRING ""
| #define PACKAGE_BUGREPORT ""
| #define PACKAGE_URL ""
| #define HAVE_LIBSDL_IMAGE 1
| #define PACKAGE "Ankhnowledge"
| #define VERSION "0.0.1"
| /* end confdefs.h.  */
| #include <ac_nonexistent.h>
configure:7273: checking for ANSI C header files
configure:7293: gcc -c -g -O2  conftest.c >&5
configure:7293: $? = 0
configure:7366: gcc -o conftest -g -O2   conftest.c -lSDL_image  >&5
configure:7366: $? = 0
configure:7366: ./conftest
configure:7366: $? = 0
configure:7377: result: yes
configure:7390: checking for sys/types.h
configure:7390: gcc -c -g -O2  conftest.c >&5
configure:7390: $? = 0
configure:7390: result: yes
configure:7390: checking for sys/stat.h
configure:7390: gcc -c -g -O2  conftest.c >&5
configure:7390: $? = 0
configure:7390: result: yes
configure:7390: checking for stdlib.h
configure:7390: gcc -c -g -O2  conftest.c >&5
configure:7390: $? = 0
configure:7390: result: yes
configure:7390: checking for string.h
configure:7390: gcc -c -g -O2  conftest.c >&5
configure:7390: $? = 0
configure:7390: result: yes
configure:7390: checking for memory.h
configure:7390: gcc -c -g -O2  conftest.c >&5
configure:7390: $? = 0
configure:7390: result: yes
configure:7390: checking for strings.h
configure:7390: gcc -c -g -O2  conftest.c >&5
configure:7390: $? = 0
configure:7390: result: yes
configure:7390: checking for inttypes.h
configure:7390: gcc -c -g -O2  conftest.c >&5
configure:7390: $? = 0
configure:7390: result: yes
configure:7390: checking for stdint.h
configure:7390: gcc -c -g -O2  conftest.c >&5
configure:7390: $? = 0
configure:7390: result: yes
configure:7390: checking for unistd.h
configure:7390: gcc -c -g -O2  conftest.c >&5
configure:7390: $? = 0
configure:7390: result: yes
configure:7404: checking for dlfcn.h
configure:7404: gcc -c -g -O2  conftest.c >&5
configure:7404: $? = 0
configure:7404: result: yes
configure:7610: checking for objdir
configure:7625: result: .libs
configure:7896: checking if gcc supports -fno-rtti -fno-exceptions
configure:7914: gcc -c -g -O2  -fno-rtti -fno-exceptions conftest.c >&5
cc1: warning: command line option '-fno-rtti' is valid for C++/ObjC++ but not for C [enabled by default]
configure:7918: $? = 0
configure:7931: result: no
configure:8258: checking for gcc option to produce PIC
configure:8265: result: -fPIC -DPIC
configure:8273: checking if gcc PIC flag -fPIC -DPIC works
configure:8291: gcc -c -g -O2  -fPIC -DPIC -DPIC conftest.c >&5
configure:8295: $? = 0
configure:8308: result: yes
configure:8337: checking if gcc static flag -static works
configure:8365: result: yes
configure:8380: checking if gcc supports -c -o file.o
configure:8401: gcc -c -g -O2  -o out/conftest2.o conftest.c >&5
configure:8405: $? = 0
configure:8427: result: yes
configure:8435: checking if gcc supports -c -o file.o
configure:8482: result: yes
configure:8515: checking whether the gcc linker (/usr/bin/ld -m elf_x86_64) supports shared libraries
configure:9672: result: yes
configure:9709: checking whether -lc should be explicitly linked in
configure:9717: gcc -c -g -O2  conftest.c >&5
configure:9720: $? = 0
configure:9735: gcc -shared  -fPIC -DPIC conftest.o  -v -Wl,-soname -Wl,conftest -o conftest 2\>\&1 \| /bin/grep  -lc  \>/dev/null 2\>\&1
configure:9738: $? = 0
configure:9752: result: no
configure:9912: checking dynamic linker characteristics
configure:10423: gcc -o conftest -g -O2   -Wl,-rpath -Wl,/foo conftest.c -lSDL_image  >&5
configure:10423: $? = 0
configure:10657: result: GNU/Linux ld.so
configure:10764: checking how to hardcode library paths into programs
configure:10789: result: immediate
configure:11329: checking whether stripping libraries is possible
configure:11334: result: yes
configure:11369: checking if libtool supports shared libraries
configure:11371: result: yes
configure:11374: checking whether to build shared libraries
configure:11395: result: yes
configure:11398: checking whether to build static libraries
configure:11402: result: yes
configure:11501: checking for g++
configure:11517: found /usr/bin/g++
configure:11528: result: g++
configure:11555: checking for C++ compiler version
configure:11564: g++ --version >&5
g++ (Ubuntu/Linaro 4.7.3-1ubuntu1) 4.7.3
Copyright (C) 2012 Free Software Foundation, Inc.
This is free software; see the source for copying conditions.  There is NO
warranty; not even for MERCHANTABILITY or FITNESS FOR A PARTICULAR PURPOSE.

configure:11575: $? = 0
configure:11564: g++ -v >&5
Using built-in specs.
COLLECT_GCC=g++
COLLECT_LTO_WRAPPER=/usr/lib/gcc/x86_64-linux-gnu/4.7/lto-wrapper
Target: x86_64-linux-gnu
Configured with: ../src/configure -v --with-pkgversion='Ubuntu/Linaro 4.7.3-1ubuntu1' --with-bugurl=file:///usr/share/doc/gcc-4.7/README.Bugs --enable-languages=c,c++,go,fortran,objc,obj-c++ --prefix=/usr --program-suffix=-4.7 --enable-shared --enable-linker-build-id --libexecdir=/usr/lib --without-included-gettext --enable-threads=posix --with-gxx-include-dir=/usr/include/c++/4.7 --libdir=/usr/lib --enable-nls --with-sysroot=/ --enable-clocale=gnu --enable-libstdcxx-debug --enable-libstdcxx-time=yes --enable-gnu-unique-object --enable-plugin --with-system-zlib --enable-objc-gc --with-cloog --enable-cloog-backend=ppl --disable-cloog-version-check --disable-ppl-version-check --enable-multiarch --disable-werror --with-arch-32=i686 --with-abi=m64 --with-multilib-list=m32,m64,mx32 --with-tune=generic --enable-checking=release --build=x86_64-linux-gnu --host=x86_64-linux-gnu --target=x86_64-linux-gnu
Thread model: posix
gcc version 4.7.3 (Ubuntu/Linaro 4.7.3-1ubuntu1) 
configure:11575: $? = 0
configure:11564: g++ -V >&5
g++: error: unrecognized command line option '-V'
g++: fatal error: no input files
compilation terminated.
configure:11575: $? = 4
configure:11564: g++ -qversion >&5
g++: error: unrecognized command line option '-qversion'
g++: fatal error: no input files
compilation terminated.
configure:11575: $? = 4
configure:11579: checking whether we are using the GNU C++ compiler
configure:11598: g++ -c   conftest.cpp >&5
configure:11598: $? = 0
configure:11607: result: yes
configure:11616: checking whether g++ accepts -g
configure:11636: g++ -c -g  conftest.cpp >&5
configure:11636: $? = 0
configure:11677: result: yes
configure:11702: checking dependency style of g++
configure:11813: result: gcc3
configure:11846: checking how to run the C++ preprocessor
configure:11873: g++ -E  conftest.cpp
configure:11873: $? = 0
configure:11887: g++ -E  conftest.cpp
conftest.cpp:24:28: fatal error: ac_nonexistent.h: No such file or directory
compilation terminated.
configure:11887: $? = 1
configure: failed program was:
| /* confdefs.h */
| #define PACKAGE_NAME ""
| #define PACKAGE_TARNAME ""
| #define PACKAGE_VERSION ""
| #define PACKAGE_STRING ""
| #define PACKAGE_BUGREPORT ""
| #define PACKAGE_URL ""
| #define HAVE_LIBSDL_IMAGE 1
| #define PACKAGE "Ankhnowledge"
| #define VERSION "0.0.1"
| #define STDC_HEADERS 1
| #define HAVE_SYS_TYPES_H 1
| #define HAVE_SYS_STAT_H 1
| #define HAVE_STDLIB_H 1
| #define HAVE_STRING_H 1
| #define HAVE_MEMORY_H 1
| #define HAVE_STRINGS_H 1
| #define HAVE_INTTYPES_H 1
| #define HAVE_STDINT_H 1
| #define HAVE_UNISTD_H 1
| #define HAVE_DLFCN_H 1
| #define LT_OBJDIR ".libs/"
| /* end confdefs.h.  */
| #include <ac_nonexistent.h>
configure:11912: result: g++ -E
configure:11932: g++ -E  conftest.cpp
configure:11932: $? = 0
configure:11946: g++ -E  conftest.cpp
conftest.cpp:24:28: fatal error: ac_nonexistent.h: No such file or directory
compilation terminated.
configure:11946: $? = 1
configure: failed program was:
| /* confdefs.h */
| #define PACKAGE_NAME ""
| #define PACKAGE_TARNAME ""
| #define PACKAGE_VERSION ""
| #define PACKAGE_STRING ""
| #define PACKAGE_BUGREPORT ""
| #define PACKAGE_URL ""
| #define HAVE_LIBSDL_IMAGE 1
| #define PACKAGE "Ankhnowledge"
| #define VERSION "0.0.1"
| #define STDC_HEADERS 1
| #define HAVE_SYS_TYPES_H 1
| #define HAVE_SYS_STAT_H 1
| #define HAVE_STDLIB_H 1
| #define HAVE_STRING_H 1
| #define HAVE_MEMORY_H 1
| #define HAVE_STRINGS_H 1
| #define HAVE_INTTYPES_H 1
| #define HAVE_STDINT_H 1
| #define HAVE_UNISTD_H 1
| #define HAVE_DLFCN_H 1
| #define LT_OBJDIR ".libs/"
| /* end confdefs.h.  */
| #include <ac_nonexistent.h>
configure:12115: checking for ld used by g++
configure:12182: result: /usr/bin/ld -m elf_x86_64
configure:12189: checking if the linker (/usr/bin/ld -m elf_x86_64) is GNU ld
configure:12204: result: yes
configure:12259: checking whether the g++ linker (/usr/bin/ld -m elf_x86_64) supports shared libraries
configure:13264: result: yes
configure:13300: g++ -c -g -O2  conftest.cpp >&5
configure:13303: $? = 0
configure:13823: checking for g++ option to produce PIC
configure:13830: result: -fPIC -DPIC
configure:13838: checking if g++ PIC flag -fPIC -DPIC works
configure:13856: g++ -c -g -O2  -fPIC -DPIC -DPIC conftest.cpp >&5
configure:13860: $? = 0
configure:13873: result: yes
configure:13896: checking if g++ static flag -static works
configure:13924: result: yes
configure:13936: checking if g++ supports -c -o file.o
configure:13957: g++ -c -g -O2  -o out/conftest2.o conftest.cpp >&5
configure:13961: $? = 0
configure:13983: result: yes
configure:13988: checking if g++ supports -c -o file.o
configure:14035: result: yes
configure:14065: checking whether the g++ linker (/usr/bin/ld -m elf_x86_64) supports shared libraries
configure:14104: result: yes
configure:14245: checking dynamic linker characteristics
configure:14924: result: GNU/Linux ld.so
configure:14977: checking how to hardcode library paths into programs
configure:15002: result: immediate
configure:15180: creating ./config.status

## ---------------- ##
## Cache variables. ##
## ---------------- ##

ac_cv_build=x86_64-unknown-linux-gnu
ac_cv_c_compiler_gnu=yes
ac_cv_cxx_compiler_gnu=yes
ac_cv_env_CCC_set=
ac_cv_env_CCC_value=
ac_cv_env_CC_set=
ac_cv_env_CC_value=
ac_cv_env_CFLAGS_set=
ac_cv_env_CFLAGS_value=
ac_cv_env_CPPFLAGS_set=
ac_cv_env_CPPFLAGS_value=
ac_cv_env_CPP_set=
ac_cv_env_CPP_value=
ac_cv_env_CXXCPP_set=
ac_cv_env_CXXCPP_value=
ac_cv_env_CXXFLAGS_set=
ac_cv_env_CXXFLAGS_value=
ac_cv_env_CXX_set=
ac_cv_env_CXX_value=
ac_cv_env_LDFLAGS_set=
ac_cv_env_LDFLAGS_value=
ac_cv_env_LIBS_set=
ac_cv_env_LIBS_value=
ac_cv_env_build_alias_set=
ac_cv_env_build_alias_value=
ac_cv_env_host_alias_set=
ac_cv_env_host_alias_value=
ac_cv_env_target_alias_set=
ac_cv_env_target_alias_value=
ac_cv_header_dlfcn_h=yes
ac_cv_header_inttypes_h=yes
ac_cv_header_memory_h=yes
ac_cv_header_stdc=yes
ac_cv_header_stdint_h=yes
ac_cv_header_stdlib_h=yes
ac_cv_header_string_h=yes
ac_cv_header_strings_h=yes
ac_cv_header_sys_stat_h=yes
ac_cv_header_sys_types_h=yes
ac_cv_header_unistd_h=yes
ac_cv_host=x86_64-unknown-linux-gnu
ac_cv_lib_SDL_image_IMG_LoadPNG_RW=yes
ac_cv_objext=o
ac_cv_path_EGREP='/bin/grep -E'
ac_cv_path_FGREP='/bin/grep -F'
ac_cv_path_GREP=/bin/grep
ac_cv_path_SED=/bin/sed
ac_cv_path_install='/usr/bin/install -c'
ac_cv_path_mkdir=/bin/mkdir
ac_cv_prog_AWK=mawk
ac_cv_prog_CPP='gcc -E'
ac_cv_prog_CXXCPP='g++ -E'
ac_cv_prog_ac_ct_AR=ar
ac_cv_prog_ac_ct_CC=gcc
ac_cv_prog_ac_ct_CXX=g++
ac_cv_prog_ac_ct_MANIFEST_TOOL=mt
ac_cv_prog_ac_ct_OBJDUMP=objdump
ac_cv_prog_ac_ct_RANLIB=ranlib
ac_cv_prog_ac_ct_STRIP=strip
ac_cv_prog_cc_c89=
ac_cv_prog_cc_g=yes
ac_cv_prog_cxx_g=yes
ac_cv_prog_make_make_set=yes
ac_cv_target=x86_64-unknown-linux-gnu
am_cv_CC_dependencies_compiler_type=gcc3
am_cv_CXX_dependencies_compiler_type=gcc3
lt_cv_ar_at_file=@
lt_cv_archive_cmds_need_lc=no
lt_cv_deplibs_check_method=pass_all
lt_cv_file_magic_cmd='$MAGIC_CMD'
lt_cv_file_magic_test_file=
lt_cv_ld_reload_flag=-r
lt_cv_nm_interface='BSD nm'
lt_cv_objdir=.libs
lt_cv_path_LD=/usr/bin/ld
lt_cv_path_LDCXX='/usr/bin/ld -m elf_x86_64'
lt_cv_path_NM='/usr/bin/nm -B'
lt_cv_path_mainfest_tool=no
lt_cv_prog_compiler_c_o=yes
lt_cv_prog_compiler_c_o_CXX=yes
lt_cv_prog_compiler_pic='-fPIC -DPIC'
lt_cv_prog_compiler_pic_CXX='-fPIC -DPIC'
lt_cv_prog_compiler_pic_works=yes
lt_cv_prog_compiler_pic_works_CXX=yes
lt_cv_prog_compiler_rtti_exceptions=no
lt_cv_prog_compiler_static_works=yes
lt_cv_prog_compiler_static_works_CXX=yes
lt_cv_prog_gnu_ld=yes
lt_cv_prog_gnu_ldcxx=yes
lt_cv_sharedlib_from_linklib_cmd='printf %s\n'
lt_cv_shlibpath_overrides_runpath=no
lt_cv_sys_global_symbol_pipe='sed -n -e '\''s/^.*[	 ]\([ABCDGIRSTW][ABCDGIRSTW]*\)[	 ][	 ]*\([_A-Za-z][_A-Za-z0-9]*\)$/\1 \2 \2/p'\'' | sed '\''/ __gnu_lto/d'\'''
lt_cv_sys_global_symbol_to_c_name_address='sed -n -e '\''s/^: \([^ ]*\)[ ]*$/  {\"\1\", (void *) 0},/p'\'' -e '\''s/^[ABCDGIRSTW]* \([^ ]*\) \([^ ]*\)$/  {"\2", (void *) \&\2},/p'\'''
lt_cv_sys_global_symbol_to_c_name_address_lib_prefix='sed -n -e '\''s/^: \([^ ]*\)[ ]*$/  {\"\1\", (void *) 0},/p'\'' -e '\''s/^[ABCDGIRSTW]* \([^ ]*\) \(lib[^ ]*\)$/  {"\2", (void *) \&\2},/p'\'' -e '\''s/^[ABCDGIRSTW]* \([^ ]*\) \([^ ]*\)$/  {"lib\2", (void *) \&\2},/p'\'''
lt_cv_sys_global_symbol_to_cdecl='sed -n -e '\''s/^T .* \(.*\)$/extern int \1();/p'\'' -e '\''s/^[ABCDGIRSTW]* .* \(.*\)$/extern char \1;/p'\'''
lt_cv_sys_max_cmd_len=3458764513820540925
lt_cv_to_host_file_cmd=func_convert_file_noop
lt_cv_to_tool_file_cmd=func_convert_file_noop

## ----------------- ##
## Output variables. ##
## ----------------- ##

ACLOCAL='${SHELL} /home/atilla/Ankhteam/Ankhnowledge/config/missing --run aclocal-1.11'
AMDEPBACKSLASH='\'
AMDEP_FALSE='#'
AMDEP_TRUE=''
AMTAR='$${TAR-tar}'
AR='ar'
AUTOCONF='${SHELL} /home/atilla/Ankhteam/Ankhnowledge/config/missing --run autoconf'
AUTOHEADER='${SHELL} /home/atilla/Ankhteam/Ankhnowledge/config/missing --run autoheader'
AUTOMAKE='${SHELL} /home/atilla/Ankhteam/Ankhnowledge/config/missing --run automake-1.11'
AWK='mawk'
CC='gcc'
CCDEPMODE='depmode=gcc3'
CFLAGS='-g -O2'
CPP='gcc -E'
CPPFLAGS=''
CXX='g++'
CXXCPP='g++ -E'
CXXDEPMODE='depmode=gcc3'
CXXFLAGS='-g -O2'
CYGPATH_W='echo'
DEFS='-DHAVE_CONFIG_H'
DEPDIR='.deps'
DLLTOOL='false'
DSYMUTIL=''
DUMPBIN=''
ECHO_C=''
ECHO_N='-n'
ECHO_T=''
EGREP='/bin/grep -E'
EXEEXT=''
FGREP='/bin/grep -F'
GREP='/bin/grep'
INSTALL_DATA='${INSTALL} -m 644'
INSTALL_PROGRAM='${INSTALL}'
INSTALL_SCRIPT='${INSTALL}'
INSTALL_STRIP_PROGRAM='$(install_sh) -c -s'
LD='/usr/bin/ld -m elf_x86_64'
LDFLAGS=''
LIBOBJS=''
LIBS='-lSDL_image '
LIBTOOL='$(SHELL) $(top_builddir)/libtool'
LIPO=''
LN_S='ln -s'
LTLIBOBJS=''
LT_CURRENT='0'
LT_RELEASE='0.0.1'
LT_REVISION='0'
MAKEINFO='${SHELL} /home/atilla/Ankhteam/Ankhnowledge/config/missing --run makeinfo'
MANIFEST_TOOL=':'
MKDIR_P='/bin/mkdir -p'
NM='/usr/bin/nm -B'
NMEDIT=''
OBJDUMP='objdump'
OBJEXT='o'
OTOOL64=''
OTOOL=''
PACKAGE='Ankhnowledge'
PACKAGE_BUGREPORT=''
PACKAGE_NAME=''
PACKAGE_STRING=''
PACKAGE_TARNAME=''
PACKAGE_URL=''
PACKAGE_VERSION=''
PATH_SEPARATOR=':'
RANLIB='ranlib'
SED='/bin/sed'
SET_MAKE=''
SHELL='/bin/bash'
STRIP='strip'
VERSION='0.0.1'
ac_config_aux_dir=''
ac_ct_AR='ar'
ac_ct_CC='gcc'
ac_ct_CXX='g++'
ac_ct_DUMPBIN=''
am__EXEEXT_FALSE=''
am__EXEEXT_TRUE='#'
am__fastdepCC_FALSE='#'
am__fastdepCC_TRUE=''
am__fastdepCXX_FALSE='#'
am__fastdepCXX_TRUE=''
am__include='include'
am__isrc=''
am__leading_dot='.'
am__nodep='_no'
am__quote=''
am__tar='$${TAR-tar} chof - "$$tardir"'
am__untar='$${TAR-tar} xf -'
bindir='${exec_prefix}/bin'
build='x86_64-unknown-linux-gnu'
build_alias=''
build_cpu='x86_64'
build_os='linux-gnu'
build_vendor='unknown'
datadir='${datarootdir}'
datarootdir='${prefix}/share'
docdir='${datarootdir}/doc/${PACKAGE}'
dvidir='${docdir}'
exec_prefix='${prefix}'
host='x86_64-unknown-linux-gnu'
host_alias=''
host_cpu='x86_64'
host_os='linux-gnu'
host_vendor='unknown'
htmldir='${docdir}'
includedir='${prefix}/include'
infodir='${datarootdir}/info'
install_sh='${SHELL} /home/atilla/Ankhteam/Ankhnowledge/config/install-sh'
libdir='${exec_prefix}/lib'
libexecdir='${exec_prefix}/libexec'
localedir='${datarootdir}/locale'
localstatedir='${prefix}/var'
mandir='${datarootdir}/man'
mkdir_p='/bin/mkdir -p'
oldincludedir='/usr/include'
pdfdir='${docdir}'
prefix='/usr/local'
program_transform_name='s,x,x,'
psdir='${docdir}'
sbindir='${exec_prefix}/sbin'
sharedstatedir='${prefix}/com'
sysconfdir='${prefix}/etc'
target='x86_64-unknown-linux-gnu'
target_alias=''
target_cpu='x86_64'
target_os='linux-gnu'
target_vendor='unknown'

## ----------- ##
## confdefs.h. ##
## ----------- ##

/* confdefs.h */
#define PACKAGE_NAME ""
#define PACKAGE_TARNAME ""
#define PACKAGE_VERSION ""
#define PACKAGE_STRING ""
#define PACKAGE_BUGREPORT ""
#define PACKAGE_URL ""
#define HAVE_LIBSDL_IMAGE 1
#define PACKAGE "Ankhnowledge"
#define VERSION "0.0.1"
#define STDC_HEADERS 1
#define HAVE_SYS_TYPES_H 1
#define HAVE_SYS_STAT_H 1
#define HAVE_STDLIB_H 1
#define HAVE_STRING_H 1
#define HAVE_MEMORY_H 1
#define HAVE_STRINGS_H 1
#define HAVE_INTTYPES_H 1
#define HAVE_STDINT_H 1
#define HAVE_UNISTD_H 1
#define HAVE_DLFCN_H 1
#define LT_OBJDIR ".libs/"

configure: exit 0

## ---------------------- ##
## Running config.status. ##
## ---------------------- ##

This file was extended by config.status, which was
generated by GNU Autoconf 2.69.  Invocation command line was

  CONFIG_FILES    = 
  CONFIG_HEADERS  = 
  CONFIG_LINKS    = 
  CONFIG_COMMANDS = 
  $ ./config.status 

on ubuntu

config.status:1150: creating Makefile
config.status:1150: creating include/Makefile
config.status:1150: creating src/Makefile
config.status:1150: creating include/config.h
config.status:1331: include/config.h is unchanged
config.status:1379: executing depfiles commands
config.status:1379: executing libtool commands

## ---------------------- ##
## Running config.status. ##
## ---------------------- ##

This file was extended by config.status, which was
generated by GNU Autoconf 2.69.  Invocation command line was

  CONFIG_FILES    = 
  CONFIG_HEADERS  = 
  CONFIG_LINKS    = 
  CONFIG_COMMANDS = 
  $ ./config.status include/config.h

on ubuntu

config.status:1150: creating include/config.h
config.status:1331: include/config.h is unchanged
